Building DAG of jobs...
Using shell: /usr/bin/bash
Provided cores: 1 (use --cores to define parallelism)
Rules claiming more threads will be scaled down.
Job counts:
	count	jobs
	1	all
	1	calculate_het
	1	check_relatedness
	1	check_sex
	1	dedeuplicate
	1	filter_het
	1	filter_sex
	1	generate_final_data
	1	prune_ld
	1	qc_base
	1	qc_target
	1	strand_flipping
	12

[Mon Jun 17 14:06:45 2024]
rule qc_target:
    input: data/target/genotype/ukb_imp_allchr_v3_40k_fmri.bed, data/target/genotype/ukb_imp_allchr_v3_40k_fmri.bim, data/target/genotype/ukb_imp_allchr_v3_40k_fmri.fam
    output: results/AN/target/QC/target.QC.fam, results/AN/target/QC/target.QC.snplist
    jobid: 3

[Mon Jun 17 14:17:50 2024]
Finished job 3.
1 of 12 steps (8%) done

[Mon Jun 17 14:17:50 2024]
rule prune_ld:
    input: data/target/genotype/ukb_imp_allchr_v3_40k_fmri.bed, results/AN/target/QC/target.QC.snplist, results/AN/target/QC/target.QC.fam
    output: results/AN/target/QC/target.QC.prune.in, results/AN/target/QC/target.QC.prune.out
    jobid: 11

[Mon Jun 17 14:39:02 2024]
Finished job 11.
2 of 12 steps (17%) done

[Mon Jun 17 14:39:02 2024]
rule calculate_het:
    input: data/target/genotype/ukb_imp_allchr_v3_40k_fmri.bed, results/AN/target/QC/target.QC.fam, results/AN/target/QC/target.QC.prune.in
    output: results/AN/target/QC/target.QC.het
    jobid: 9

[Mon Jun 17 14:49:12 2024]
Finished job 9.
3 of 12 steps (25%) done

[Mon Jun 17 14:49:12 2024]
rule qc_base:
    input: data/base/pgcAN2.2019-07.vcf.tsv
    output: results/AN/base/QC/AN_GSR_BASE.QC.gz
    jobid: 5

[Mon Jun 17 14:49:41 2024]
Error in rule qc_base:
    jobid: 5
    output: results/AN/base/QC/AN_GSR_BASE.QC.gz
    shell:
        
        module load r/4.3.2 && Rscript scripts/qc_base.R --input data/base/pgcAN2.2019-07.vcf.tsv --output results/AN/base/QC/AN_GSR_BASE.QC.gz --keys IMPINFO ID ALT OR CHORM POS PVAL REF BETA --values INFO SNP A2 NaN CHR BP P A1 BETA
        
        (one of the commands exited with non-zero exit code; note that snakemake uses bash strict mode!)

Shutting down, this might take some time.
Exiting because a job execution failed. Look above for error message
Complete log: /work/users/s/u/sunzehui/PRS_pipeline/.snakemake/log/2024-06-17T140645.166100.snakemake.log
